[2022-09-25 06:04:36] laravel.EMERGENCY: Unable to create configured logger. Using emergency logger. {"exception":"[object] (Error(code: 0): Class \"Illuminate\\Support\\Collection\" not found at C:\\xampp\\htdocs\\projects\\mike\\apni\\vendor\\laravel\\framework\\src\\Illuminate\\Support\\helpers.php:110)
[stacktrace]
#0 C:\\xampp\\htdocs\\projects\\mike\\apni\\vendor\\laravel\\framework\\src\\Illuminate\\Log\\LogManager.php(240): collect(Array)
#1 C:\\xampp\\htdocs\\projects\\mike\\apni\\vendor\\laravel\\framework\\src\\Illuminate\\Log\\LogManager.php(202): Illuminate\\Log\\LogManager->createStackDriver(Array)
#2 C:\\xampp\\htdocs\\projects\\mike\\apni\\vendor\\laravel\\framework\\src\\Illuminate\\Log\\LogManager.php(118): Illuminate\\Log\\LogManager->resolve('stack')
#3 C:\\xampp\\htdocs\\projects\\mike\\apni\\vendor\\laravel\\framework\\src\\Illuminate\\Log\\LogManager.php(98): Illuminate\\Log\\LogManager->get('stack')
#4 C:\\xampp\\htdocs\\projects\\mike\\apni\\vendor\\laravel\\framework\\src\\Illuminate\\Log\\LogManager.php(543): Illuminate\\Log\\LogManager->driver()
#5 C:\\xampp\\htdocs\\projects\\mike\\apni\\vendor\\laravel\\framework\\src\\Illuminate\\Foundation\\Exceptions\\Handler.php(123): Illuminate\\Log\\LogManager->error('During inherita...', Array)
#6 C:\\xampp\\htdocs\\projects\\mike\\apni\\app\\Exceptions\\Handler.php(39): Illuminate\\Foundation\\Exceptions\\Handler->report(Object(Symfony\\Component\\ErrorHandler\\Error\\FatalError))
#7 C:\\xampp\\htdocs\\projects\\mike\\apni\\vendor\\laravel\\framework\\src\\Illuminate\\Foundation\\Bootstrap\\HandleExceptions.php(88): App\\Exceptions\\Handler->report(Object(Symfony\\Component\\ErrorHandler\\Error\\FatalError))
#8 C:\\xampp\\htdocs\\projects\\mike\\apni\\vendor\\laravel\\framework\\src\\Illuminate\\Foundation\\Bootstrap\\HandleExceptions.php(130): Illuminate\\Foundation\\Bootstrap\\HandleExceptions->handleException(Object(Symfony\\Component\\ErrorHandler\\Error\\FatalError))
#9 [internal function]: Illuminate\\Foundation\\Bootstrap\\HandleExceptions->handleShutdown()
#10 {main}
"} 
[2022-09-25 06:04:36] laravel.ERROR: During inheritance of ArrayAccess: Uncaught ErrorException: Return type of Illuminate\Support\Collection::offsetExists($key) should either be compatible with ArrayAccess::offsetExists(mixed $offset): bool, or the #[\ReturnTypeWillChange] attribute should be used to temporarily suppress the notice in C:\xampp\htdocs\projects\mike\apni\vendor\laravel\framework\src\Illuminate\Support\Collection.php:1349
Stack trace:
#0 C:\xampp\htdocs\projects\mike\apni\vendor\laravel\framework\src\Illuminate\Support\Collection.php(11): Illuminate\Foundation\Bootstrap\HandleExceptions->handleError(8192, 'Return type of ...', 'C:\\xampp\\htdocs...', 1349)
#1 C:\xampp\htdocs\projects\mike\apni\vendor\composer\ClassLoader.php(571): include('C:\\xampp\\htdocs...')
#2 C:\xampp\htdocs\projects\mike\apni\vendor\composer\ClassLoader.php(428): Composer\Autoload\includeFile('C:\\xampp\\htdocs...')
#3 C:\xampp\htdocs\projects\mike\apni\vendor\laravel\framework\src\Illuminate\Support\helpers.php(110): Composer\Autoload\ClassLoader->loadClass('Illuminate\\Supp...')
#4 C:\xampp\htdocs\projects\mike\apni\vendor\laravel\framework\src\Illuminate\Foundation\PackageManifest.php(89): collect(Array)
#5 C:\xampp\htdocs\projects\mike\apni\vendor\laravel\framework\src\Illuminate\Foundation\PackageManifest.php(78): Illuminate\Foundation\PackageManifest->config('aliases')
#6 C:\xampp\htdocs\projects\mike\apni\vendor\laravel\framework\src\Illuminate\Foundation\Bootstrap\RegisterFacades.php(26): Illuminate\Foundation\PackageManifest->aliases()
#7 C:\xampp\htdocs\projects\mike\apni\vendor\laravel\framework\src\Illuminate\Foundation\Application.php(230): Illuminate\Foundation\Bootstrap\RegisterFacades->bootstrap(Object(Illuminate\Foundation\Application))
#8 C:\xampp\htdocs\projects\mike\apni\vendor\laravel\framework\src\Illuminate\Foundation\Console\Kernel.php(310): Illuminate\Foundation\Application->bootstrapWith(Array)
#9 C:\xampp\htdocs\projects\mike\apni\vendor\laravel\framework\src\Illuminate\Foundation\Console\Kernel.php(127): Illuminate\Foundation\Console\Kernel->bootstrap()
#10 C:\xampp\htdocs\projects\mike\apni\artisan(37): Illuminate\Foundation\Console\Kernel->handle(Object(Symfony\Component\Console\Input\ArgvInput), Object(Symfony\Component\Console\Output\ConsoleOutput))
#11 {main} {"exception":"[object] (Symfony\\Component\\ErrorHandler\\Error\\FatalError(code: 0): During inheritance of ArrayAccess: Uncaught ErrorException: Return type of Illuminate\\Support\\Collection::offsetExists($key) should either be compatible with ArrayAccess::offsetExists(mixed $offset): bool, or the #[\\ReturnTypeWillChange] attribute should be used to temporarily suppress the notice in C:\\xampp\\htdocs\\projects\\mike\\apni\\vendor\\laravel\\framework\\src\\Illuminate\\Support\\Collection.php:1349
Stack trace:
#0 C:\\xampp\\htdocs\\projects\\mike\\apni\\vendor\\laravel\\framework\\src\\Illuminate\\Support\\Collection.php(11): Illuminate\\Foundation\\Bootstrap\\HandleExceptions->handleError(8192, 'Return type of ...', 'C:\\\\xampp\\\\htdocs...', 1349)
#1 C:\\xampp\\htdocs\\projects\\mike\\apni\\vendor\\composer\\ClassLoader.php(571): include('C:\\\\xampp\\\\htdocs...')
#2 C:\\xampp\\htdocs\\projects\\mike\\apni\\vendor\\composer\\ClassLoader.php(428): Composer\\Autoload\\includeFile('C:\\\\xampp\\\\htdocs...')
#3 C:\\xampp\\htdocs\\projects\\mike\\apni\\vendor\\laravel\\framework\\src\\Illuminate\\Support\\helpers.php(110): Composer\\Autoload\\ClassLoader->loadClass('Illuminate\\\\Supp...')
#4 C:\\xampp\\htdocs\\projects\\mike\\apni\\vendor\\laravel\\framework\\src\\Illuminate\\Foundation\\PackageManifest.php(89): collect(Array)
#5 C:\\xampp\\htdocs\\projects\\mike\\apni\\vendor\\laravel\\framework\\src\\Illuminate\\Foundation\\PackageManifest.php(78): Illuminate\\Foundation\\PackageManifest->config('aliases')
#6 C:\\xampp\\htdocs\\projects\\mike\\apni\\vendor\\laravel\\framework\\src\\Illuminate\\Foundation\\Bootstrap\\RegisterFacades.php(26): Illuminate\\Foundation\\PackageManifest->aliases()
#7 C:\\xampp\\htdocs\\projects\\mike\\apni\\vendor\\laravel\\framework\\src\\Illuminate\\Foundation\\Application.php(230): Illuminate\\Foundation\\Bootstrap\\RegisterFacades->bootstrap(Object(Illuminate\\Foundation\\Application))
#8 C:\\xampp\\htdocs\\projects\\mike\\apni\\vendor\\laravel\\framework\\src\\Illuminate\\Foundation\\Console\\Kernel.php(310): Illuminate\\Foundation\\Application->bootstrapWith(Array)
#9 C:\\xampp\\htdocs\\projects\\mike\\apni\\vendor\\laravel\\framework\\src\\Illuminate\\Foundation\\Console\\Kernel.php(127): Illuminate\\Foundation\\Console\\Kernel->bootstrap()
#10 C:\\xampp\\htdocs\\projects\\mike\\apni\\artisan(37): Illuminate\\Foundation\\Console\\Kernel->handle(Object(Symfony\\Component\\Console\\Input\\ArgvInput), Object(Symfony\\Component\\Console\\Output\\ConsoleOutput))
#11 {main} at C:\\xampp\\htdocs\\projects\\mike\\apni\\vendor\\laravel\\framework\\src\\Illuminate\\Support\\Collection.php:11)
[stacktrace]
#0 {main}
"} 
[2022-09-25 06:44:45] production.ERROR: SQLSTATE[HY000] [1049] Unknown database 'apni' (SQL: select * from `sections`) {"exception":"[object] (Illuminate\\Database\\QueryException(code: 1049): SQLSTATE[HY000] [1049] Unknown database 'apni' (SQL: select * from `sections`) at C:\\xampp\\htdocs\\projects\\mike\\apni\\vendor\\laravel\\framework\\src\\Illuminate\\Database\\Connection.php:712)
[stacktrace]
#0 C:\\xampp\\htdocs\\projects\\mike\\apni\\vendor\\laravel\\framework\\src\\Illuminate\\Database\\Connection.php(672): Illuminate\\Database\\Connection->runQueryCallback('select * from `...', Array, Object(Closure))
#1 C:\\xampp\\htdocs\\projects\\mike\\apni\\vendor\\laravel\\framework\\src\\Illuminate\\Database\\Connection.php(376): Illuminate\\Database\\Connection->run('select * from `...', Array, Object(Closure))
#2 C:\\xampp\\htdocs\\projects\\mike\\apni\\vendor\\laravel\\framework\\src\\Illuminate\\Database\\Query\\Builder.php(2414): Illuminate\\Database\\Connection->select('select * from `...', Array, true)
#3 C:\\xampp\\htdocs\\projects\\mike\\apni\\vendor\\laravel\\framework\\src\\Illuminate\\Database\\Query\\Builder.php(2402): Illuminate\\Database\\Query\\Builder->runSelect()
#4 C:\\xampp\\htdocs\\projects\\mike\\apni\\vendor\\laravel\\framework\\src\\Illuminate\\Database\\Query\\Builder.php(2936): Illuminate\\Database\\Query\\Builder->Illuminate\\Database\\Query\\{closure}()
#5 C:\\xampp\\htdocs\\projects\\mike\\apni\\vendor\\laravel\\framework\\src\\Illuminate\\Database\\Query\\Builder.php(2403): Illuminate\\Database\\Query\\Builder->onceWithColumns(Array, Object(Closure))
#6 C:\\xampp\\htdocs\\projects\\mike\\apni\\vendor\\laravel\\framework\\src\\Illuminate\\Database\\Eloquent\\Builder.php(625): Illuminate\\Database\\Query\\Builder->get(Array)
#7 C:\\xampp\\htdocs\\projects\\mike\\apni\\vendor\\laravel\\framework\\src\\Illuminate\\Database\\Eloquent\\Builder.php(609): Illuminate\\Database\\Eloquent\\Builder->getModels(Array)
#8 C:\\xampp\\htdocs\\projects\\mike\\apni\\vendor\\laravel\\framework\\src\\Illuminate\\Database\\Eloquent\\Model.php(568): Illuminate\\Database\\Eloquent\\Builder->get(Array)
#9 C:\\xampp\\htdocs\\projects\\mike\\apni\\app\\Providers\\AuthServiceProvider.php(30): Illuminate\\Database\\Eloquent\\Model::all()
#10 C:\\xampp\\htdocs\\projects\\mike\\apni\\vendor\\laravel\\framework\\src\\Illuminate\\Cache\\Repository.php(391): App\\Providers\\AuthServiceProvider->App\\Providers\\{closure}()
#11 C:\\xampp\\htdocs\\projects\\mike\\apni\\vendor\\laravel\\framework\\src\\Illuminate\\Cache\\CacheManager.php(418): Illuminate\\Cache\\Repository->remember('sections', 3600, Object(Closure))
#12 C:\\xampp\\htdocs\\projects\\mike\\apni\\vendor\\laravel\\framework\\src\\Illuminate\\Support\\Facades\\Facade.php(261): Illuminate\\Cache\\CacheManager->__call('remember', Array)
#13 C:\\xampp\\htdocs\\projects\\mike\\apni\\app\\Providers\\AuthServiceProvider.php(31): Illuminate\\Support\\Facades\\Facade::__callStatic('remember', Array)
#14 C:\\xampp\\htdocs\\projects\\mike\\apni\\vendor\\laravel\\framework\\src\\Illuminate\\Container\\BoundMethod.php(36): App\\Providers\\AuthServiceProvider->boot()
#15 C:\\xampp\\htdocs\\projects\\mike\\apni\\vendor\\laravel\\framework\\src\\Illuminate\\Container\\Util.php(40): Illuminate\\Container\\BoundMethod::Illuminate\\Container\\{closure}()
#16 C:\\xampp\\htdocs\\projects\\mike\\apni\\vendor\\laravel\\framework\\src\\Illuminate\\Container\\BoundMethod.php(93): Illuminate\\Container\\Util::unwrapIfClosure(Object(Closure))
#17 C:\\xampp\\htdocs\\projects\\mike\\apni\\vendor\\laravel\\framework\\src\\Illuminate\\Container\\BoundMethod.php(37): Illuminate\\Container\\BoundMethod::callBoundMethod(Object(Illuminate\\Foundation\\Application), Array, Object(Closure))
#18 C:\\xampp\\htdocs\\projects\\mike\\apni\\vendor\\laravel\\framework\\src\\Illuminate\\Container\\Container.php(653): Illuminate\\Container\\BoundMethod::call(Object(Illuminate\\Foundation\\Application), Array, Array, NULL)
#19 C:\\xampp\\htdocs\\projects\\mike\\apni\\vendor\\laravel\\framework\\src\\Illuminate\\Foundation\\Application.php(924): Illuminate\\Container\\Container->call(Array)
#20 C:\\xampp\\htdocs\\projects\\mike\\apni\\vendor\\laravel\\framework\\src\\Illuminate\\Foundation\\Application.php(905): Illuminate\\Foundation\\Application->bootProvider(Object(App\\Providers\\AuthServiceProvider))
#21 [internal function]: Illuminate\\Foundation\\Application->Illuminate\\Foundation\\{closure}(Object(App\\Providers\\AuthServiceProvider), 47)
#22 C:\\xampp\\htdocs\\projects\\mike\\apni\\vendor\\laravel\\framework\\src\\Illuminate\\Foundation\\Application.php(906): array_walk(Array, Object(Closure))
#23 C:\\xampp\\htdocs\\projects\\mike\\apni\\vendor\\laravel\\framework\\src\\Illuminate\\Foundation\\Bootstrap\\BootProviders.php(17): Illuminate\\Foundation\\Application->boot()
#24 C:\\xampp\\htdocs\\projects\\mike\\apni\\vendor\\laravel\\framework\\src\\Illuminate\\Foundation\\Application.php(237): Illuminate\\Foundation\\Bootstrap\\BootProviders->bootstrap(Object(Illuminate\\Foundation\\Application))
#25 C:\\xampp\\htdocs\\projects\\mike\\apni\\vendor\\laravel\\framework\\src\\Illuminate\\Foundation\\Console\\Kernel.php(310): Illuminate\\Foundation\\Application->bootstrapWith(Array)
#26 C:\\xampp\\htdocs\\projects\\mike\\apni\\vendor\\laravel\\framework\\src\\Illuminate\\Foundation\\Console\\Kernel.php(127): Illuminate\\Foundation\\Console\\Kernel->bootstrap()
#27 C:\\xampp\\htdocs\\projects\\mike\\apni\\artisan(37): Illuminate\\Foundation\\Console\\Kernel->handle(Object(Symfony\\Component\\Console\\Input\\ArgvInput), Object(Symfony\\Component\\Console\\Output\\ConsoleOutput))
#28 {main}

[previous exception] [object] (PDOException(code: 1049): SQLSTATE[HY000] [1049] Unknown database 'apni' at C:\\xampp\\htdocs\\projects\\mike\\apni\\vendor\\laravel\\framework\\src\\Illuminate\\Database\\Connectors\\Connector.php:70)
[stacktrace]
#0 C:\\xampp\\htdocs\\projects\\mike\\apni\\vendor\\laravel\\framework\\src\\Illuminate\\Database\\Connectors\\Connector.php(70): PDO->__construct('mysql:host=loca...', 'root', '', Array)
#1 C:\\xampp\\htdocs\\projects\\mike\\apni\\vendor\\laravel\\framework\\src\\Illuminate\\Database\\Connectors\\Connector.php(46): Illuminate\\Database\\Connectors\\Connector->createPdoConnection('mysql:host=loca...', 'root', '', Array)
#2 C:\\xampp\\htdocs\\projects\\mike\\apni\\vendor\\laravel\\framework\\src\\Illuminate\\Database\\Connectors\\MySqlConnector.php(24): Illuminate\\Database\\Connectors\\Connector->createConnection('mysql:host=loca...', Array, Array)
#3 C:\\xampp\\htdocs\\projects\\mike\\apni\\vendor\\laravel\\framework\\src\\Illuminate\\Database\\Connectors\\ConnectionFactory.php(184): Illuminate\\Database\\Connectors\\MySqlConnector->connect(Array)
#4 [internal function]: Illuminate\\Database\\Connectors\\ConnectionFactory->Illuminate\\Database\\Connectors\\{closure}()
#5 C:\\xampp\\htdocs\\projects\\mike\\apni\\vendor\\laravel\\framework\\src\\Illuminate\\Database\\Connection.php(1064): call_user_func(Object(Closure))
#6 C:\\xampp\\htdocs\\projects\\mike\\apni\\vendor\\laravel\\framework\\src\\Illuminate\\Database\\Connection.php(1100): Illuminate\\Database\\Connection->getPdo()
#7 C:\\xampp\\htdocs\\projects\\mike\\apni\\vendor\\laravel\\framework\\src\\Illuminate\\Database\\Connection.php(442): Illuminate\\Database\\Connection->getReadPdo()
#8 C:\\xampp\\htdocs\\projects\\mike\\apni\\vendor\\laravel\\framework\\src\\Illuminate\\Database\\Connection.php(368): Illuminate\\Database\\Connection->getPdoForSelect(true)
#9 C:\\xampp\\htdocs\\projects\\mike\\apni\\vendor\\laravel\\framework\\src\\Illuminate\\Database\\Connection.php(705): Illuminate\\Database\\Connection->Illuminate\\Database\\{closure}('select * from `...', Array)
#10 C:\\xampp\\htdocs\\projects\\mike\\apni\\vendor\\laravel\\framework\\src\\Illuminate\\Database\\Connection.php(672): Illuminate\\Database\\Connection->runQueryCallback('select * from `...', Array, Object(Closure))
#11 C:\\xampp\\htdocs\\projects\\mike\\apni\\vendor\\laravel\\framework\\src\\Illuminate\\Database\\Connection.php(376): Illuminate\\Database\\Connection->run('select * from `...', Array, Object(Closure))
#12 C:\\xampp\\htdocs\\projects\\mike\\apni\\vendor\\laravel\\framework\\src\\Illuminate\\Database\\Query\\Builder.php(2414): Illuminate\\Database\\Connection->select('select * from `...', Array, true)
#13 C:\\xampp\\htdocs\\projects\\mike\\apni\\vendor\\laravel\\framework\\src\\Illuminate\\Database\\Query\\Builder.php(2402): Illuminate\\Database\\Query\\Builder->runSelect()
#14 C:\\xampp\\htdocs\\projects\\mike\\apni\\vendor\\laravel\\framework\\src\\Illuminate\\Database\\Query\\Builder.php(2936): Illuminate\\Database\\Query\\Builder->Illuminate\\Database\\Query\\{closure}()
#15 C:\\xampp\\htdocs\\projects\\mike\\apni\\vendor\\laravel\\framework\\src\\Illuminate\\Database\\Query\\Builder.php(2403): Illuminate\\Database\\Query\\Builder->onceWithColumns(Array, Object(Closure))
#16 C:\\xampp\\htdocs\\projects\\mike\\apni\\vendor\\laravel\\framework\\src\\Illuminate\\Database\\Eloquent\\Builder.php(625): Illuminate\\Database\\Query\\Builder->get(Array)
#17 C:\\xampp\\htdocs\\projects\\mike\\apni\\vendor\\laravel\\framework\\src\\Illuminate\\Database\\Eloquent\\Builder.php(609): Illuminate\\Database\\Eloquent\\Builder->getModels(Array)
#18 C:\\xampp\\htdocs\\projects\\mike\\apni\\vendor\\laravel\\framework\\src\\Illuminate\\Database\\Eloquent\\Model.php(568): Illuminate\\Database\\Eloquent\\Builder->get(Array)
#19 C:\\xampp\\htdocs\\projects\\mike\\apni\\app\\Providers\\AuthServiceProvider.php(30): Illuminate\\Database\\Eloquent\\Model::all()
#20 C:\\xampp\\htdocs\\projects\\mike\\apni\\vendor\\laravel\\framework\\src\\Illuminate\\Cache\\Repository.php(391): App\\Providers\\AuthServiceProvider->App\\Providers\\{closure}()
#21 C:\\xampp\\htdocs\\projects\\mike\\apni\\vendor\\laravel\\framework\\src\\Illuminate\\Cache\\CacheManager.php(418): Illuminate\\Cache\\Repository->remember('sections', 3600, Object(Closure))
#22 C:\\xampp\\htdocs\\projects\\mike\\apni\\vendor\\laravel\\framework\\src\\Illuminate\\Support\\Facades\\Facade.php(261): Illuminate\\Cache\\CacheManager->__call('remember', Array)
#23 C:\\xampp\\htdocs\\projects\\mike\\apni\\app\\Providers\\AuthServiceProvider.php(31): Illuminate\\Support\\Facades\\Facade::__callStatic('remember', Array)
#24 C:\\xampp\\htdocs\\projects\\mike\\apni\\vendor\\laravel\\framework\\src\\Illuminate\\Container\\BoundMethod.php(36): App\\Providers\\AuthServiceProvider->boot()
#25 C:\\xampp\\htdocs\\projects\\mike\\apni\\vendor\\laravel\\framework\\src\\Illuminate\\Container\\Util.php(40): Illuminate\\Container\\BoundMethod::Illuminate\\Container\\{closure}()
#26 C:\\xampp\\htdocs\\projects\\mike\\apni\\vendor\\laravel\\framework\\src\\Illuminate\\Container\\BoundMethod.php(93): Illuminate\\Container\\Util::unwrapIfClosure(Object(Closure))
#27 C:\\xampp\\htdocs\\projects\\mike\\apni\\vendor\\laravel\\framework\\src\\Illuminate\\Container\\BoundMethod.php(37): Illuminate\\Container\\BoundMethod::callBoundMethod(Object(Illuminate\\Foundation\\Application), Array, Object(Closure))
#28 C:\\xampp\\htdocs\\projects\\mike\\apni\\vendor\\laravel\\framework\\src\\Illuminate\\Container\\Container.php(653): Illuminate\\Container\\BoundMethod::call(Object(Illuminate\\Foundation\\Application), Array, Array, NULL)
#29 C:\\xampp\\htdocs\\projects\\mike\\apni\\vendor\\laravel\\framework\\src\\Illuminate\\Foundation\\Application.php(924): Illuminate\\Container\\Container->call(Array)
#30 C:\\xampp\\htdocs\\projects\\mike\\apni\\vendor\\laravel\\framework\\src\\Illuminate\\Foundation\\Application.php(905): Illuminate\\Foundation\\Application->bootProvider(Object(App\\Providers\\AuthServiceProvider))
#31 [internal function]: Illuminate\\Foundation\\Application->Illuminate\\Foundation\\{closure}(Object(App\\Providers\\AuthServiceProvider), 47)
#32 C:\\xampp\\htdocs\\projects\\mike\\apni\\vendor\\laravel\\framework\\src\\Illuminate\\Foundation\\Application.php(906): array_walk(Array, Object(Closure))
#33 C:\\xampp\\htdocs\\projects\\mike\\apni\\vendor\\laravel\\framework\\src\\Illuminate\\Foundation\\Bootstrap\\BootProviders.php(17): Illuminate\\Foundation\\Application->boot()
#34 C:\\xampp\\htdocs\\projects\\mike\\apni\\vendor\\laravel\\framework\\src\\Illuminate\\Foundation\\Application.php(237): Illuminate\\Foundation\\Bootstrap\\BootProviders->bootstrap(Object(Illuminate\\Foundation\\Application))
#35 C:\\xampp\\htdocs\\projects\\mike\\apni\\vendor\\laravel\\framework\\src\\Illuminate\\Foundation\\Console\\Kernel.php(310): Illuminate\\Foundation\\Application->bootstrapWith(Array)
#36 C:\\xampp\\htdocs\\projects\\mike\\apni\\vendor\\laravel\\framework\\src\\Illuminate\\Foundation\\Console\\Kernel.php(127): Illuminate\\Foundation\\Console\\Kernel->bootstrap()
#37 C:\\xampp\\htdocs\\projects\\mike\\apni\\artisan(37): Illuminate\\Foundation\\Console\\Kernel->handle(Object(Symfony\\Component\\Console\\Input\\ArgvInput), Object(Symfony\\Component\\Console\\Output\\ConsoleOutput))
#38 {main}
"} 
[2022-09-25 07:02:52] production.ERROR: SQLSTATE[42S02]: Base table or view not found: 1146 Table 'apni.sections' doesn't exist (SQL: select * from `sections`) {"exception":"[object] (Illuminate\\Database\\QueryException(code: 42S02): SQLSTATE[42S02]: Base table or view not found: 1146 Table 'apni.sections' doesn't exist (SQL: select * from `sections`) at C:\\xampp\\htdocs\\projects\\mike\\apni\\vendor\\laravel\\framework\\src\\Illuminate\\Database\\Connection.php:712)
[stacktrace]
#0 C:\\xampp\\htdocs\\projects\\mike\\apni\\vendor\\laravel\\framework\\src\\Illuminate\\Database\\Connection.php(672): Illuminate\\Database\\Connection->runQueryCallback('select * from `...', Array, Object(Closure))
#1 C:\\xampp\\htdocs\\projects\\mike\\apni\\vendor\\laravel\\framework\\src\\Illuminate\\Database\\Connection.php(376): Illuminate\\Database\\Connection->run('select * from `...', Array, Object(Closure))
#2 C:\\xampp\\htdocs\\projects\\mike\\apni\\vendor\\laravel\\framework\\src\\Illuminate\\Database\\Query\\Builder.php(2414): Illuminate\\Database\\Connection->select('select * from `...', Array, true)
#3 C:\\xampp\\htdocs\\projects\\mike\\apni\\vendor\\laravel\\framework\\src\\Illuminate\\Database\\Query\\Builder.php(2402): Illuminate\\Database\\Query\\Builder->runSelect()
#4 C:\\xampp\\htdocs\\projects\\mike\\apni\\vendor\\laravel\\framework\\src\\Illuminate\\Database\\Query\\Builder.php(2936): Illuminate\\Database\\Query\\Builder->Illuminate\\Database\\Query\\{closure}()
#5 C:\\xampp\\htdocs\\projects\\mike\\apni\\vendor\\laravel\\framework\\src\\Illuminate\\Database\\Query\\Builder.php(2403): Illuminate\\Database\\Query\\Builder->onceWithColumns(Array, Object(Closure))
#6 C:\\xampp\\htdocs\\projects\\mike\\apni\\vendor\\laravel\\framework\\src\\Illuminate\\Database\\Eloquent\\Builder.php(625): Illuminate\\Database\\Query\\Builder->get(Array)
#7 C:\\xampp\\htdocs\\projects\\mike\\apni\\vendor\\laravel\\framework\\src\\Illuminate\\Database\\Eloquent\\Builder.php(609): Illuminate\\Database\\Eloquent\\Builder->getModels(Array)
#8 C:\\xampp\\htdocs\\projects\\mike\\apni\\vendor\\laravel\\framework\\src\\Illuminate\\Database\\Eloquent\\Model.php(568): Illuminate\\Database\\Eloquent\\Builder->get(Array)
#9 C:\\xampp\\htdocs\\projects\\mike\\apni\\app\\Providers\\AuthServiceProvider.php(30): Illuminate\\Database\\Eloquent\\Model::all()
#10 C:\\xampp\\htdocs\\projects\\mike\\apni\\vendor\\laravel\\framework\\src\\Illuminate\\Cache\\Repository.php(391): App\\Providers\\AuthServiceProvider->App\\Providers\\{closure}()
#11 C:\\xampp\\htdocs\\projects\\mike\\apni\\vendor\\laravel\\framework\\src\\Illuminate\\Cache\\CacheManager.php(418): Illuminate\\Cache\\Repository->remember('sections', 3600, Object(Closure))
#12 C:\\xampp\\htdocs\\projects\\mike\\apni\\vendor\\laravel\\framework\\src\\Illuminate\\Support\\Facades\\Facade.php(261): Illuminate\\Cache\\CacheManager->__call('remember', Array)
#13 C:\\xampp\\htdocs\\projects\\mike\\apni\\app\\Providers\\AuthServiceProvider.php(31): Illuminate\\Support\\Facades\\Facade::__callStatic('remember', Array)
#14 C:\\xampp\\htdocs\\projects\\mike\\apni\\vendor\\laravel\\framework\\src\\Illuminate\\Container\\BoundMethod.php(36): App\\Providers\\AuthServiceProvider->boot()
#15 C:\\xampp\\htdocs\\projects\\mike\\apni\\vendor\\laravel\\framework\\src\\Illuminate\\Container\\Util.php(40): Illuminate\\Container\\BoundMethod::Illuminate\\Container\\{closure}()
#16 C:\\xampp\\htdocs\\projects\\mike\\apni\\vendor\\laravel\\framework\\src\\Illuminate\\Container\\BoundMethod.php(93): Illuminate\\Container\\Util::unwrapIfClosure(Object(Closure))
#17 C:\\xampp\\htdocs\\projects\\mike\\apni\\vendor\\laravel\\framework\\src\\Illuminate\\Container\\BoundMethod.php(37): Illuminate\\Container\\BoundMethod::callBoundMethod(Object(Illuminate\\Foundation\\Application), Array, Object(Closure))
#18 C:\\xampp\\htdocs\\projects\\mike\\apni\\vendor\\laravel\\framework\\src\\Illuminate\\Container\\Container.php(653): Illuminate\\Container\\BoundMethod::call(Object(Illuminate\\Foundation\\Application), Array, Array, NULL)
#19 C:\\xampp\\htdocs\\projects\\mike\\apni\\vendor\\laravel\\framework\\src\\Illuminate\\Foundation\\Application.php(924): Illuminate\\Container\\Container->call(Array)
#20 C:\\xampp\\htdocs\\projects\\mike\\apni\\vendor\\laravel\\framework\\src\\Illuminate\\Foundation\\Application.php(905): Illuminate\\Foundation\\Application->bootProvider(Object(App\\Providers\\AuthServiceProvider))
#21 [internal function]: Illuminate\\Foundation\\Application->Illuminate\\Foundation\\{closure}(Object(App\\Providers\\AuthServiceProvider), 47)
#22 C:\\xampp\\htdocs\\projects\\mike\\apni\\vendor\\laravel\\framework\\src\\Illuminate\\Foundation\\Application.php(906): array_walk(Array, Object(Closure))
#23 C:\\xampp\\htdocs\\projects\\mike\\apni\\vendor\\laravel\\framework\\src\\Illuminate\\Foundation\\Bootstrap\\BootProviders.php(17): Illuminate\\Foundation\\Application->boot()
#24 C:\\xampp\\htdocs\\projects\\mike\\apni\\vendor\\laravel\\framework\\src\\Illuminate\\Foundation\\Application.php(237): Illuminate\\Foundation\\Bootstrap\\BootProviders->bootstrap(Object(Illuminate\\Foundation\\Application))
#25 C:\\xampp\\htdocs\\projects\\mike\\apni\\vendor\\laravel\\framework\\src\\Illuminate\\Foundation\\Console\\Kernel.php(310): Illuminate\\Foundation\\Application->bootstrapWith(Array)
#26 C:\\xampp\\htdocs\\projects\\mike\\apni\\vendor\\laravel\\framework\\src\\Illuminate\\Foundation\\Console\\Kernel.php(127): Illuminate\\Foundation\\Console\\Kernel->bootstrap()
#27 C:\\xampp\\htdocs\\projects\\mike\\apni\\artisan(37): Illuminate\\Foundation\\Console\\Kernel->handle(Object(Symfony\\Component\\Console\\Input\\ArgvInput), Object(Symfony\\Component\\Console\\Output\\ConsoleOutput))
#28 {main}

[previous exception] [object] (PDOException(code: 42S02): SQLSTATE[42S02]: Base table or view not found: 1146 Table 'apni.sections' doesn't exist at C:\\xampp\\htdocs\\projects\\mike\\apni\\vendor\\laravel\\framework\\src\\Illuminate\\Database\\Connection.php:368)
[stacktrace]
#0 C:\\xampp\\htdocs\\projects\\mike\\apni\\vendor\\laravel\\framework\\src\\Illuminate\\Database\\Connection.php(368): PDO->prepare('select * from `...')
#1 C:\\xampp\\htdocs\\projects\\mike\\apni\\vendor\\laravel\\framework\\src\\Illuminate\\Database\\Connection.php(705): Illuminate\\Database\\Connection->Illuminate\\Database\\{closure}('select * from `...', Array)
#2 C:\\xampp\\htdocs\\projects\\mike\\apni\\vendor\\laravel\\framework\\src\\Illuminate\\Database\\Connection.php(672): Illuminate\\Database\\Connection->runQueryCallback('select * from `...', Array, Object(Closure))
#3 C:\\xampp\\htdocs\\projects\\mike\\apni\\vendor\\laravel\\framework\\src\\Illuminate\\Database\\Connection.php(376): Illuminate\\Database\\Connection->run('select * from `...', Array, Object(Closure))
#4 C:\\xampp\\htdocs\\projects\\mike\\apni\\vendor\\laravel\\framework\\src\\Illuminate\\Database\\Query\\Builder.php(2414): Illuminate\\Database\\Connection->select('select * from `...', Array, true)
#5 C:\\xampp\\htdocs\\projects\\mike\\apni\\vendor\\laravel\\framework\\src\\Illuminate\\Database\\Query\\Builder.php(2402): Illuminate\\Database\\Query\\Builder->runSelect()
#6 C:\\xampp\\htdocs\\projects\\mike\\apni\\vendor\\laravel\\framework\\src\\Illuminate\\Database\\Query\\Builder.php(2936): Illuminate\\Database\\Query\\Builder->Illuminate\\Database\\Query\\{closure}()
#7 C:\\xampp\\htdocs\\projects\\mike\\apni\\vendor\\laravel\\framework\\src\\Illuminate\\Database\\Query\\Builder.php(2403): Illuminate\\Database\\Query\\Builder->onceWithColumns(Array, Object(Closure))
#8 C:\\xampp\\htdocs\\projects\\mike\\apni\\vendor\\laravel\\framework\\src\\Illuminate\\Database\\Eloquent\\Builder.php(625): Illuminate\\Database\\Query\\Builder->get(Array)
#9 C:\\xampp\\htdocs\\projects\\mike\\apni\\vendor\\laravel\\framework\\src\\Illuminate\\Database\\Eloquent\\Builder.php(609): Illuminate\\Database\\Eloquent\\Builder->getModels(Array)
#10 C:\\xampp\\htdocs\\projects\\mike\\apni\\vendor\\laravel\\framework\\src\\Illuminate\\Database\\Eloquent\\Model.php(568): Illuminate\\Database\\Eloquent\\Builder->get(Array)
#11 C:\\xampp\\htdocs\\projects\\mike\\apni\\app\\Providers\\AuthServiceProvider.php(30): Illuminate\\Database\\Eloquent\\Model::all()
#12 C:\\xampp\\htdocs\\projects\\mike\\apni\\vendor\\laravel\\framework\\src\\Illuminate\\Cache\\Repository.php(391): App\\Providers\\AuthServiceProvider->App\\Providers\\{closure}()
#13 C:\\xampp\\htdocs\\projects\\mike\\apni\\vendor\\laravel\\framework\\src\\Illuminate\\Cache\\CacheManager.php(418): Illuminate\\Cache\\Repository->remember('sections', 3600, Object(Closure))
#14 C:\\xampp\\htdocs\\projects\\mike\\apni\\vendor\\laravel\\framework\\src\\Illuminate\\Support\\Facades\\Facade.php(261): Illuminate\\Cache\\CacheManager->__call('remember', Array)
#15 C:\\xampp\\htdocs\\projects\\mike\\apni\\app\\Providers\\AuthServiceProvider.php(31): Illuminate\\Support\\Facades\\Facade::__callStatic('remember', Array)
#16 C:\\xampp\\htdocs\\projects\\mike\\apni\\vendor\\laravel\\framework\\src\\Illuminate\\Container\\BoundMethod.php(36): App\\Providers\\AuthServiceProvider->boot()
#17 C:\\xampp\\htdocs\\projects\\mike\\apni\\vendor\\laravel\\framework\\src\\Illuminate\\Container\\Util.php(40): Illuminate\\Container\\BoundMethod::Illuminate\\Container\\{closure}()
#18 C:\\xampp\\htdocs\\projects\\mike\\apni\\vendor\\laravel\\framework\\src\\Illuminate\\Container\\BoundMethod.php(93): Illuminate\\Container\\Util::unwrapIfClosure(Object(Closure))
#19 C:\\xampp\\htdocs\\projects\\mike\\apni\\vendor\\laravel\\framework\\src\\Illuminate\\Container\\BoundMethod.php(37): Illuminate\\Container\\BoundMethod::callBoundMethod(Object(Illuminate\\Foundation\\Application), Array, Object(Closure))
#20 C:\\xampp\\htdocs\\projects\\mike\\apni\\vendor\\laravel\\framework\\src\\Illuminate\\Container\\Container.php(653): Illuminate\\Container\\BoundMethod::call(Object(Illuminate\\Foundation\\Application), Array, Array, NULL)
#21 C:\\xampp\\htdocs\\projects\\mike\\apni\\vendor\\laravel\\framework\\src\\Illuminate\\Foundation\\Application.php(924): Illuminate\\Container\\Container->call(Array)
#22 C:\\xampp\\htdocs\\projects\\mike\\apni\\vendor\\laravel\\framework\\src\\Illuminate\\Foundation\\Application.php(905): Illuminate\\Foundation\\Application->bootProvider(Object(App\\Providers\\AuthServiceProvider))
#23 [internal function]: Illuminate\\Foundation\\Application->Illuminate\\Foundation\\{closure}(Object(App\\Providers\\AuthServiceProvider), 47)
#24 C:\\xampp\\htdocs\\projects\\mike\\apni\\vendor\\laravel\\framework\\src\\Illuminate\\Foundation\\Application.php(906): array_walk(Array, Object(Closure))
#25 C:\\xampp\\htdocs\\projects\\mike\\apni\\vendor\\laravel\\framework\\src\\Illuminate\\Foundation\\Bootstrap\\BootProviders.php(17): Illuminate\\Foundation\\Application->boot()
#26 C:\\xampp\\htdocs\\projects\\mike\\apni\\vendor\\laravel\\framework\\src\\Illuminate\\Foundation\\Application.php(237): Illuminate\\Foundation\\Bootstrap\\BootProviders->bootstrap(Object(Illuminate\\Foundation\\Application))
#27 C:\\xampp\\htdocs\\projects\\mike\\apni\\vendor\\laravel\\framework\\src\\Illuminate\\Foundation\\Console\\Kernel.php(310): Illuminate\\Foundation\\Application->bootstrapWith(Array)
#28 C:\\xampp\\htdocs\\projects\\mike\\apni\\vendor\\laravel\\framework\\src\\Illuminate\\Foundation\\Console\\Kernel.php(127): Illuminate\\Foundation\\Console\\Kernel->bootstrap()
#29 C:\\xampp\\htdocs\\projects\\mike\\apni\\artisan(37): Illuminate\\Foundation\\Console\\Kernel->handle(Object(Symfony\\Component\\Console\\Input\\ArgvInput), Object(Symfony\\Component\\Console\\Output\\ConsoleOutput))
#30 {main}
"} 
[2022-09-25 07:22:31] production.ERROR: Declaration of App\Models\Webinar::sluggable() must be compatible with Cviebrock\EloquentSluggable\Sluggable::sluggable(): array {"exception":"[object] (Symfony\\Component\\ErrorHandler\\Error\\FatalError(code: 0): Declaration of App\\Models\\Webinar::sluggable() must be compatible with Cviebrock\\EloquentSluggable\\Sluggable::sluggable(): array at C:\\xampp\\htdocs\\projects\\mike\\apni\\app\\Models\\Webinar.php:215)
[stacktrace]
#0 {main}
"} 
[2022-09-25 07:23:27] production.ERROR: Declaration of App\Models\Webinar::sluggable() must be compatible with Cviebrock\EloquentSluggable\Sluggable::sluggable(): array {"exception":"[object] (Symfony\\Component\\ErrorHandler\\Error\\FatalError(code: 0): Declaration of App\\Models\\Webinar::sluggable() must be compatible with Cviebrock\\EloquentSluggable\\Sluggable::sluggable(): array at C:\\xampp\\htdocs\\projects\\mike\\apni\\app\\Models\\Webinar.php:215)
[stacktrace]
#0 {main}
"} 
[2022-09-25 07:23:41] production.ERROR: Declaration of App\Models\Webinar::sluggable() must be compatible with Cviebrock\EloquentSluggable\Sluggable::sluggable(): array {"exception":"[object] (Symfony\\Component\\ErrorHandler\\Error\\FatalError(code: 0): Declaration of App\\Models\\Webinar::sluggable() must be compatible with Cviebrock\\EloquentSluggable\\Sluggable::sluggable(): array at C:\\xampp\\htdocs\\projects\\mike\\apni\\app\\Models\\Webinar.php:215)
[stacktrace]
#0 {main}
"} 
[2022-09-25 07:26:20] production.ERROR: Declaration of App\Models\Bundle::sluggable() must be compatible with Cviebrock\EloquentSluggable\Sluggable::sluggable(): array {"exception":"[object] (Symfony\\Component\\ErrorHandler\\Error\\FatalError(code: 0): Declaration of App\\Models\\Bundle::sluggable() must be compatible with Cviebrock\\EloquentSluggable\\Sluggable::sluggable(): array at C:\\xampp\\htdocs\\projects\\mike\\apni\\app\\Models\\Bundle.php:113)
[stacktrace]
#0 {main}
"} 
[2022-09-25 07:28:05] production.ERROR: Declaration of App\Models\Product::sluggable() must be compatible with Cviebrock\EloquentSluggable\Sluggable::sluggable(): array {"exception":"[object] (Symfony\\Component\\ErrorHandler\\Error\\FatalError(code: 0): Declaration of App\\Models\\Product::sluggable() must be compatible with Cviebrock\\EloquentSluggable\\Sluggable::sluggable(): array at C:\\xampp\\htdocs\\projects\\mike\\apni\\app\\Models\\Product.php:75)
[stacktrace]
#0 {main}
"} 
[2022-09-25 07:28:31] production.ERROR: Declaration of App\Models\Blog::sluggable() must be compatible with Cviebrock\EloquentSluggable\Sluggable::sluggable(): array {"exception":"[object] (Symfony\\Component\\ErrorHandler\\Error\\FatalError(code: 0): Declaration of App\\Models\\Blog::sluggable() must be compatible with Cviebrock\\EloquentSluggable\\Sluggable::sluggable(): array at C:\\xampp\\htdocs\\projects\\mike\\apni\\app\\Models\\Blog.php:28)
[stacktrace]
#0 {main}
"} 
[2022-09-27 13:18:36] local.ERROR: The "--port-9000" option does not exist. {"exception":"[object] (Symfony\\Component\\Console\\Exception\\RuntimeException(code: 0): The \"--port-9000\" option does not exist. at C:\\xampp\\htdocs\\projects\\mike\\apni\\vendor\\symfony\\console\\Input\\ArgvInput.php:220)
[stacktrace]
#0 C:\\xampp\\htdocs\\projects\\mike\\apni\\vendor\\symfony\\console\\Input\\ArgvInput.php(149): Symfony\\Component\\Console\\Input\\ArgvInput->addLongOption('port-9000', NULL)
#1 C:\\xampp\\htdocs\\projects\\mike\\apni\\vendor\\symfony\\console\\Input\\ArgvInput.php(82): Symfony\\Component\\Console\\Input\\ArgvInput->parseLongOption('--port-9000')
#2 C:\\xampp\\htdocs\\projects\\mike\\apni\\vendor\\symfony\\console\\Input\\ArgvInput.php(71): Symfony\\Component\\Console\\Input\\ArgvInput->parseToken('--port-9000', true)
#3 C:\\xampp\\htdocs\\projects\\mike\\apni\\vendor\\symfony\\console\\Input\\Input.php(55): Symfony\\Component\\Console\\Input\\ArgvInput->parse()
#4 C:\\xampp\\htdocs\\projects\\mike\\apni\\vendor\\symfony\\console\\Command\\Command.php(257): Symfony\\Component\\Console\\Input\\Input->bind(Object(Symfony\\Component\\Console\\Input\\InputDefinition))
#5 C:\\xampp\\htdocs\\projects\\mike\\apni\\vendor\\laravel\\framework\\src\\Illuminate\\Console\\Command.php(121): Symfony\\Component\\Console\\Command\\Command->run(Object(Symfony\\Component\\Console\\Input\\ArgvInput), Object(Illuminate\\Console\\OutputStyle))
#6 C:\\xampp\\htdocs\\projects\\mike\\apni\\vendor\\symfony\\console\\Application.php(1028): Illuminate\\Console\\Command->run(Object(Symfony\\Component\\Console\\Input\\ArgvInput), Object(Symfony\\Component\\Console\\Output\\ConsoleOutput))
#7 C:\\xampp\\htdocs\\projects\\mike\\apni\\vendor\\symfony\\console\\Application.php(299): Symfony\\Component\\Console\\Application->doRunCommand(Object(Illuminate\\Foundation\\Console\\ServeCommand), Object(Symfony\\Component\\Console\\Input\\ArgvInput), Object(Symfony\\Component\\Console\\Output\\ConsoleOutput))
#8 C:\\xampp\\htdocs\\projects\\mike\\apni\\vendor\\symfony\\console\\Application.php(171): Symfony\\Component\\Console\\Application->doRun(Object(Symfony\\Component\\Console\\Input\\ArgvInput), Object(Symfony\\Component\\Console\\Output\\ConsoleOutput))
#9 C:\\xampp\\htdocs\\projects\\mike\\apni\\vendor\\laravel\\framework\\src\\Illuminate\\Console\\Application.php(94): Symfony\\Component\\Console\\Application->run(Object(Symfony\\Component\\Console\\Input\\ArgvInput), Object(Symfony\\Component\\Console\\Output\\ConsoleOutput))
#10 C:\\xampp\\htdocs\\projects\\mike\\apni\\vendor\\laravel\\framework\\src\\Illuminate\\Foundation\\Console\\Kernel.php(129): Illuminate\\Console\\Application->run(Object(Symfony\\Component\\Console\\Input\\ArgvInput), Object(Symfony\\Component\\Console\\Output\\ConsoleOutput))
#11 C:\\xampp\\htdocs\\projects\\mike\\apni\\artisan(37): Illuminate\\Foundation\\Console\\Kernel->handle(Object(Symfony\\Component\\Console\\Input\\ArgvInput), Object(Symfony\\Component\\Console\\Output\\ConsoleOutput))
#12 {main}
"} 
